+ echo 'Basic details of server'
Basic details of server
+ nproc
2
+ free -g
               total        used        free      shared  buff/cache   available
Mem:               0           0           0           0           0           0
Swap:              0           0           0
+ df -h
Filesystem       Size  Used Avail Use% Mounted on
/dev/root        6.8G  2.2G  4.6G  32% /
tmpfs            458M     0  458M   0% /dev/shm
tmpfs            183M  884K  182M   1% /run
tmpfs            5.0M     0  5.0M   0% /run/lock
efivarfs         128K  3.6K  120K   3% /sys/firmware/efi/efivars
/dev/nvme0n1p16  881M   89M  730M  11% /boot
/dev/nvme0n1p15  105M  6.2M   99M   6% /boot/efi
tmpfs             92M   12K   92M   1% /run/user/1000
+ ps -ef
+ grep amazon
+ awk -F ' ' '{print $2}'
966
6582
echo "Hello"
